  968  rm -r /mnt/scratch/SP24_CS131_Jyotika/athishsp24/cs131/Assignment1/cs131
  969  cd ..
  970  find /etc -type f > one.txt 2> two.txt
  971  ls
  972  cd cs131
  973  ls
  974  mkdir Assignment2
  975  ls
  976  cd ~
  977  ls
  978  cat one.txt
  979  ls
  980  cd cs131
  981  ls
  982  cd Assignment2
  983  ls
  984  vi Assignment2.txt
  985  cat two.txt
  986  cd ~
  987  ls
  988  cat two.txt
  989  cd cs131
  990  cd Assignment2
  991  ls
  992  vi Assignment2.txt
  993  wget https://raw.githubusercontent.com/jyotikahp/DemoRepoForCS131/main/Global%20YouTube%20Statistics.csv
  994  ls
  995  cd cs131
  996  history
  997  history -tail
  998  ls
  999  cd Assignment2
 1000  ls
 1001  cd cs131
 1002  ls
 1003  cd Assignment2
 1004  ls
 1005  cat 'Global YouTube Statistics.csv'
 1006  'cut -d ',' 'Global YouTube Statistics.csv' | sort | uniq -c | sort -nr | head -n 3


'Global YouTube Statistics.csv'
4
23

 1007  cut -d ',' -f 4,5 "Global YouTube Statistics.csv" | awk -F ',' '{print $2 "," $1}' | sort | uniq -c | sort -nr | head -n 3
 1008  cut -d ',' -f 3,4 "Global YouTube Statistics.csv" | sed '1d' | awk -F ',' '{print $2 "," $1}' | sort | uniq -c | sort -nr | head -n 3
 1009  ls
 1010  cd cut -d ',' -f 3,4 "Global YouTube Statistics.csv" | sed '1d' | awk -F ',' '{print $2 "," $1}' | sort | uniq -c | sort -nr | head -n 3
 1011  cd 'Global Youtube Statistics.csv'
 1012  uniq -c
 1013  cut -d ',' -f 21,22 "Global YouTube Statistics.csv" | tail -n +2 | sort | uniq -c | sort -nr | head -n 3
 1014  cut -d ',' -f 21,22 "Global YouTube Statistics.csv" | tail -n +2 > temp_data.csv
 1015  sort -t ',' -k2,2 -k1,1 temp_data.csv > sorted_data.csv
 1016  uniq -c sorted_data.csv > count_data.csv
 1017  sort -nr -t ',' -k1 count_data.csv | head -n 3
 1018  cut -d ',' -f20,21 Global\ YouTube\ Statistics.csv | sort | uniq -c | sort -rn | head -n 3
 1019  vi Assignment2.txt
 1020  ps -u$(athishkumar)
 1021  ps -u$(athishsp24)
 1022  ps -u $(whoami)
 1023  vi Assignment2.txt
 1024  ps -u athishsp24
 1025  vi Assignment2.txt
 1026  vi file.txt
 1027  vi Assignment2.txt
 1028  vi file.txt
 1029  vi Assignment2.txt
 1030  vi file.txt
 1031  vi Assignment2.txt
 1032  ps -p 1
 1033  vi Assignment2.txt
 1034  cat cmds.log
 1035  ls
 1036  rm count_data.csv
 1037  cat sorted_data.csv
 1038  ls
 1039  rm temp_data.csv
 1040  ls
 1041  rm sorted_data.csv
 1042  ls
 1043  history
 1044  history > cmds.log
 1045  ls
 1046  cmds.log > tail -n 100 > cmds.log
 1047  cmds.log > tail -n 100
 1048  tail -n 100 cmds.log
 1049  cat cmds.log
 1050  ls
 1051  cat cmds.log
 1052  ls
 1053  cat tail
 1054  rm tail
 1055  ls
 1056  history > cmds.log
 1057  cat cmds.log
 1058  tail -n 100 cmds.log > cmds.log
 1059  cmds.log
 1060  cat cmds.log
 1061  history
 1062  history > cmds.log
