    1  pwd
    2  mkdir test
    3  ls
    4  cd
    5  rmdir test
    6  ls
    7  cd
    8  mkdir m
    9  ls
   10  pwd
   11  ls
   12  exit
   13  wget https://raw.githubusercontent.com/jyotikahp/DemoRepoForCS131/main/spotify-2023.csv
   14  ls
   15  vi spotify-2023.csv
   16  ls
   17  vi test
   18  ls
   19  cat test
   20  sort test
   21  cat test
   22  sort test
   23  cat test
   24  ls
   25  mv test test.txt
   26  ls
   27  vi test.txt
   28  cat test.txt
   29  sort test.txt
   30  cat test.txt
   31  vi demo.txt
   32  ls
   33  "hello world" > demo.txt
   34  echo "hello world"
   35  echo "Hello world" > demo.txt
   36  cat demo.txt
   37  echo "hello world 3" >> demo.txt
   38  cat demo.txt
   39  clear
   40  history
   41  clear
   42  wget www.github.com
   43  cs
   44  ls
   45  exit
   46  wget www.github.com
   47  history > cmds.oog
   48  history > cmds.log
   49  ls
   50  cd ~/Desktop
   51  exit
   52  wget www.github.com
   53  history > cmds.log
   54  git add .
   55  git init
   56  git add .
   57  git status
   58  clear
   59  mkdir Worksheet1
   60  ls -ltr
   61  cd Worksheet1
   62  git init
   63  git init .
   64  git add history > cmds.log
   65  ls
   66  cd cmds.log
   67  ls
   68  clea
   69  clear
   70  ls
   71  git add cmds.log
   72  git commit
   73  git config --global user.email athishk13@gmail.com
   74  git config --global user.name Athish Kumar
   75  git add cmds.log
   76  git commit
   77  wget www.github.com
   78  cd Desktop
   79  ls
   80  exit
   81  wget www.github.com
   82  ls
   83  pwd
   84  cd ~/Desktop
   85  git init
   86  mkdir Worksheet1
   87  ls
   88  cd Worksheet1
   89  ls
   90  history > cmds.log
   91  ls
   92  git push cmds.log
   93  git push --set-upstream cmds.log main
   94  git push --set-upstream cmds.log master
   95  del Worksheet1
   96  rm Worksheet1
   97  rmdir Worksheet1
   98  mkdir cs131
   99  ls
  100  cd cs131
  101  ls
  102  mkdir Worksheet1
  103  ls
  104  git init
  105  cd Worksheet1
  106  history > cmds.log
  107  git status
  108  git add cmds.log
  109  git stattus
  110  git status
  111  git commit -m "Commit"
  112  git status
  113  git checkout -b new-branch
  114  git branch
  115  git remote add origin https://github.com/athishk13/cs131.git
  116  git branch -M main
  117  git push -u origin main
  118  git remote add origin https://github.com/athishk13/cs131.git
  119  git branch -M main
  120  git push -u origin main
  121  git remote add origin https://github.com/athishk13/cs131.git
  122  git branch -M main
  123  git push -u origin main
  124  git remote add origin https://github.com/athishk13/cs131.git
  125  git branch -m main
  126  git push -u origin main
  127  git status
  128  git remote add origin https://github.com/athishk13/cs131.git
  129  git branch -M main
  130  git branch -new-branch main
  131  git branch -M main
  132  git push -u origin main
  133  git branch -M main
  134  git push -u origin main
  135  git branch -M main
  136  git push -u origin main
  137  git remote add origin https://github.com/athishk13/cs131.git
  138  git branch -M main
  139  git push -u origin main
  140  git remote set-url
  141  git remote set-url --add athishk13 https://github.com/athishk13/cs131.git/
  142  git remote set-url --push Athish git remote set-url --add athishk13 https://github.com/athishk13/cs131.git/
  143  git remote set-url --add athishk13 https://github.com/athishk13/cs131.git/
  144  git remote set-url --push Athish https://github.com/athishk13/cs131.git/
  145  .git/config
  146  git remote set-url origin https://athishk13@github.com/athishk13/cs131.git
  147  git push
  148  git push --set-upstream origin main
  149  git remote add origin https://github.com/athishk13/cs131.git
  150  git branch -M main
  151  git push -u origin main
  152  ls
  153  ls | grep test
  154  grep test
  155  ls
  156  cd Worksheet1
  157  ls
  158  cd cmds.log
  159  open cmds.log
  160  clear
  161  cd ..
  162  ls
  163  cd index.html
  164  touch file.txt
  165  ls -l
  166  lis -la
  167  ls -la
  168  mkdir temp
  169  ls
  170  cd temp
  171  ls -la
  172  chmod 764
  173  chmod 765 file.txt
  174  ls
  175  touch file1.txt
  176  ls
  177  ls -la
  178  ch mod 764 file1.txt
  179  chmod 764 file1.txt
  180  ls
  181  chmod ugo+rw file1.txt
  182  ls -l
  183  chmod u-x file1.txt
  184  ls -l
  185  chmod a+x file1.txt
  186  ls -l
  187  cd ..
  188  ls
  189  ls -l
  190  chmod a-rw temp
  191  cd temp/
  192  ls
  193  cat file1.txt
  194  ls
  195  cd ..
  196  ls
  197  chmod a+rw temp
  198  ls -l
  199  cd temp
  200  ls
  201  vi file1.txt
  202  cd temp
  203  ls
  204  cat file1.txt
  205  cd ..
  206  ls
  207  ls *.txt
  208  ls ?.txt
  209  ls ????.txt
  210  ls [!e].txt
  211  ls [a-z].txt
  212  mkdir newDir1
  213  find . -name newDir
  214  ls
  215  find . -name temp
  216  find . -type f -name test
  217  vi samplePdf.pdf
  218  cat samplePdf.pdf
  219  vi samplePdf.pdf
  220  cat samplePdf.pdf
  221  ls -l grep samplePdf.pdf
  222  ls
  223  rm test.txt
  224  ls
  225  rm cmds.oog
  226  ls
  227  cd ~
  228  cd index.htm;
  229  cd newDir1
  230  cd ~
  231  wget https://raw.githubusercontent.com/jyotikahp/DemoRepoForCS131/main/Global%20YouTube%20Statistics.csv
  232  ls
  233  cd 'Global YouTube Statistics.csv'
  234  touch 'Global YouTube Statistics.csv'
  235  ls
  236  cat 'Global YouTube Statistics.csv'
  237  grep 'United States' 'Global YouTube Statistics.csv'
  238  grep 'Music' 'Global YouTube Statistics.csv'
  239  grep 'Music' 'Global YouTube Statistics.csv' | wc -l
  240  ls
  241  grep 'Music' 'Global YouTube Statistics.csv' | wc -l
  242  > counts.txt
  243  vi counts.txt
  244  grep 'Music' 'Global YouTube Statistics.csv' | wc -l > counts.txt
  245  vi counts.txt
  246  history > cmds.log
  247  ls
  248  cat cmds.log
  249  mkdir Worksheet2
  250  ls
  251  cd Worksheet2
  252  ls
  253  touch cmds.log
  254  ls
  255  touch counts.txt
  256  ls
  257  git remote add origin git@github.com:athishk13/cs131.git
  258  git status
  259  git add Worksheet2
  260  git init
  261  git commit Worksheet2
  262  ls
  263  git push --set-upstream origin main
  264  git status
  265  git add cmds.log
  266  git add counts.txt
  267  git status
  268  git commit -m "commit"
  269  git branch
  270  git push branch master
  271  git status
  272  git push
  273  ls
  274  git push origin main
  275  git push origin master
  276  git status
  277  git init
  278  git push -u cs131
  279   git push --set-upstream cs131 master
  280  git status
  281  https://github.com/athishk13/cs131.git
  282  git https://github.com/athishk13/cs131.git
  283  git init https://github.com/athishk13/cs131.git
  284  git revert
  285  --continue
  286  -continue
  287  git reset
  288  ls
  289  cd https:
  290  ls
  291  cd ..
  292  ls
  293  rm https:
  294  cd https:
  295  ls
  296  cd github.com
  297  ls
  298  cd athishk13
  299  ls
  300  cd cs131.git
  301  ls
  302  cd ~
  303  ls
  304  cd Worksheet2
  305  ls 
  306  rmdir https:
  307  rm -f https:
  308  rmdir -f https:
  309  ls
  310  cd https:
  311  ls
  312  cd github.com
  313  ls
  314  cd athishk13
  315  ls
  316  cd cs131.git
  317  ls
  318  cd ..
  319  rmdir cs131.git
  320  cd cs131.git
  321  ls
  322  rmdir
  323  rmdir cs131.git
  324  cd ~
  325  clear
  326  ls
  327  rmdir Worksheet2
  328  rmdir -p Worksheet2
  329  Worksheet2
  330  cd Worksheet2
  331  ls
  332  rm -r https:
  333  ls
  334  git init
  335  git add cmds.log
  336  git add counts.txt
  337  git status
  338  git remote set-url origin git@github.com:athishk13/cs131.git
  339  git remote add origin athishk13
  340  git remote add origin https://github.com/athishk13/cs131.git
  341  git push origin master
  342  git status
  343  cd ..
  344  ls
  345  rm -r Worksheet2
  346  ls
  347  mkdir Worksheet2
  348  cd Worksheet2
  349  touch cmds.log
  350  touch counts.txt
  351  ls
  352  Worksheet2
  353  ls
  354  cd ..
  355  ls
  356  cd Worksheet
  357  cd Worksheet2
  358  ls
  359  git init
  360  git add .
  361  git status
  362  git commit -m
  363  git commit -m "commit"
  364  git remote set-url origin git@github.com:athishk13/cs131.git
  365  git remote add origin https://github.com/athishk13/cs131.git
  366  git branch -M main
  367  git push -u origin main
  368  git status
  369  git init
  370  git remote add origin https://github.com/athishk13/cs131.git
  371  git push -u origin main
  372  git push origin main
  373  ls
  374  git status
  375  clear
  376  ls
  377  cd ..
  378  ls
  379  rm -r Worksheet
  380  rm -r Worksheet2
  381  ls
  382  mkdir Worksheet2
  383  ls
  384  cd Worksheet 2
  385  cd Worksheet2
  386  ls
  387  touch cmds.log
  388  touch counts.txt
  389  ls
  390  cd Worksheet2
  391  ls
  392  cd counts.txt
  393  cat counts.tx
  394  cat counts.txt
  395  vi counts.txt
  396  cat cmds.log
  397  vi cmds.log
  398  wget https://raw.githubusercontent.com/jyotikahp/DemoRepoForCS131/main/Global%20YouTube%20Statistics.csv
  399  ls
  400  rm -r 'Global YouTube Statistics.csv'
  401  ls
  402  cd ..
  403  ls
  404  grep 'United States' 'Global YouTube Statistics.csv'
  405  grep 'Music' 'Global YouTube Statistics.csv'
  406  grep -i 'music' 'Global YouTube Statistics.csv' | wc -l
  407  grep -i 'music' 'Global YouTube Statistics.csv' | wc -l > counts.txt
  408  cat counts.txt
  409  grep -i 'music' 'Global YouTube Statistics.csv' | wc
  410  grep -i 'music' 'Global YouTube Statistics.csv' | wc -w
  411  grep -i 'music' 'Global YouTube Statistics.csv' | wc -w > counts.txt
  412  cat counts.txt
  413  grep -i 'music' 'Global YouTube Statistics.csv' | wc -l >> counts.txt
  414  cat counts.txt
  415  vi counts.txt
  416  cat counts.txt
  417  history > cmds.log
